  websocket.cpp
e:\users\harris\documents\github\hw3ics167\scratch work\server\pongserver\pongserver\ponglogic.h(20): warning C4804: '-': unsafe use of type 'bool' in operation
e:\users\harris\documents\github\hw3ics167\scratch work\server\pongserver\pongserver\ponglogic.h(20): warning C4244: '+=': conversion from 'double' to 'int', possible loss of data
e:\users\harris\documents\github\hw3ics167\scratch work\server\pongserver\pongserver\ponglogic.h(31): warning C4804: '-': unsafe use of type 'bool' in operation
e:\users\harris\documents\github\hw3ics167\scratch work\server\pongserver\pongserver\ponglogic.h(31): warning C4244: '+=': conversion from 'double' to 'int', possible loss of data
e:\users\harris\documents\github\hw3ics167\scratch work\server\pongserver\pongserver\ponglogic.h(69): warning C4244: '+=': conversion from 'double' to 'int', possible loss of data
e:\users\harris\documents\github\hw3ics167\scratch work\server\pongserver\pongserver\ponglogic.h(70): warning C4244: '+=': conversion from 'double' to 'int', possible loss of data
e:\users\harris\documents\github\hw3ics167\scratch work\server\pongserver\pongserver\ponglogic.h(108): warning C4018: '<': signed/unsigned mismatch
e:\users\harris\documents\github\hw3ics167\scratch work\server\pongserver\pongserver\ponglogic.h(113): warning C4804: '-': unsafe use of type 'bool' in operation
e:\users\harris\documents\github\hw3ics167\scratch work\server\pongserver\pongserver\ponglogic.h(114): warning C4244: '+=': conversion from 'double' to 'int', possible loss of data
e:\users\harris\documents\github\hw3ics167\scratch work\server\pongserver\pongserver\ponglogic.h(118): warning C4804: '-': unsafe use of type 'bool' in operation
e:\users\harris\documents\github\hw3ics167\scratch work\server\pongserver\pongserver\ponglogic.h(119): warning C4244: '+=': conversion from 'double' to 'int', possible loss of data
e:\users\harris\documents\github\hw3ics167\scratch work\server\pongserver\pongserver\ponglogic.h(123): warning C4804: '-': unsafe use of type 'bool' in operation
e:\users\harris\documents\github\hw3ics167\scratch work\server\pongserver\pongserver\ponglogic.h(124): warning C4244: '+=': conversion from 'double' to 'int', possible loss of data
e:\users\harris\documents\github\hw3ics167\scratch work\server\pongserver\pongserver\ponglogic.h(128): warning C4804: '-': unsafe use of type 'bool' in operation
e:\users\harris\documents\github\hw3ics167\scratch work\server\pongserver\pongserver\ponglogic.h(129): warning C4244: '+=': conversion from 'double' to 'int', possible loss of data
e:\users\harris\documents\github\hw3ics167\scratch work\server\pongserver\pongserver\ponglogic.h(163): warning C4018: '<': signed/unsigned mismatch
e:\users\harris\documents\github\hw3ics167\scratch work\server\pongserver\pongserver\ponglogic.h(164): warning C4244: 'argument': conversion from 'int' to 'float', possible loss of data
e:\users\harris\documents\github\hw3ics167\scratch work\server\pongserver\pongserver\ponglogic.h(167): warning C4244: 'argument': conversion from 'int' to 'float', possible loss of data
e:\users\harris\documents\github\hw3ics167\scratch work\server\pongserver\pongserver\ponglogic.h(172): warning C4018: '<': signed/unsigned mismatch
e:\users\harris\documents\github\hw3ics167\scratch work\server\pongserver\pongserver\ponglogic.h(179): warning C4018: '<': signed/unsigned mismatch
e:\users\harris\documents\github\hw3ics167\scratch work\server\pongserver\pongserver\ponglogic.h(188): warning C4018: '<': signed/unsigned mismatch
e:\users\harris\documents\github\hw3ics167\scratch work\server\pongserver\pongserver\websocket.cpp(90): warning C4477: 'printf' : format string '%s' requires an argument of type 'char *', but variadic argument 1 has type 'LPVOID'
e:\users\harris\documents\github\hw3ics167\scratch work\server\pongserver\pongserver\websocket.cpp(116): warning C4018: '<': signed/unsigned mismatch
e:\users\harris\documents\github\hw3ics167\scratch work\server\pongserver\pongserver\websocket.cpp(143): warning C4018: '<': signed/unsigned mismatch
e:\users\harris\documents\github\hw3ics167\scratch work\server\pongserver\pongserver\websocket.cpp(165): warning C4018: '>=': signed/unsigned mismatch
e:\users\harris\documents\github\hw3ics167\scratch work\server\pongserver\pongserver\websocket.cpp(178): warning C4244: 'initializing': conversion from 'float' to 'int', possible loss of data
e:\users\harris\documents\github\hw3ics167\scratch work\server\pongserver\pongserver\websocket.cpp(202): warning C4267: '=': conversion from 'size_t' to 'char', possible loss of data
e:\users\harris\documents\github\hw3ics167\scratch work\server\pongserver\pongserver\websocket.cpp(211): warning C4267: '=': conversion from 'size_t' to 'char', possible loss of data
e:\users\harris\documents\github\hw3ics167\scratch work\server\pongserver\pongserver\websocket.cpp(212): warning C4267: '=': conversion from 'size_t' to 'char', possible loss of data
e:\users\harris\documents\github\hw3ics167\scratch work\server\pongserver\pongserver\websocket.cpp(226): warning C4267: '=': conversion from 'size_t' to 'char', possible loss of data
e:\users\harris\documents\github\hw3ics167\scratch work\server\pongserver\pongserver\websocket.cpp(227): warning C4267: '=': conversion from 'size_t' to 'char', possible loss of data
e:\users\harris\documents\github\hw3ics167\scratch work\server\pongserver\pongserver\websocket.cpp(228): warning C4267: '=': conversion from 'size_t' to 'char', possible loss of data
e:\users\harris\documents\github\hw3ics167\scratch work\server\pongserver\pongserver\websocket.cpp(420): warning C4018: '<': signed/unsigned mismatch
e:\users\harris\documents\github\hw3ics167\scratch work\server\pongserver\pongserver\websocket.cpp(619): warning C4018: '>=': signed/unsigned mismatch
e:\users\harris\documents\github\hw3ics167\scratch work\server\pongserver\pongserver\websocket.cpp(646): warning C4018: '<': signed/unsigned mismatch
e:\users\harris\documents\github\hw3ics167\scratch work\server\pongserver\pongserver\websocket.cpp(660): warning C4018: '>=': signed/unsigned mismatch
e:\users\harris\documents\github\hw3ics167\scratch work\server\pongserver\pongserver\websocket.cpp(746): warning C4473: 'printf' : not enough arguments passed for format string
  e:\users\harris\documents\github\hw3ics167\scratch work\server\pongserver\pongserver\websocket.cpp(746): note: placeholders and their parameters expect 2 variadic arguments, but 1 were provided
  e:\users\harris\documents\github\hw3ics167\scratch work\server\pongserver\pongserver\websocket.cpp(746): note: the missing variadic argument 2 is required by format string '%d'
e:\users\harris\documents\github\hw3ics167\scratch work\server\pongserver\pongserver\websocket.cpp(783): warning C4018: '<': signed/unsigned mismatch
  main.cpp
e:\users\harris\documents\github\hw3ics167\scratch work\server\pongserver\pongserver\ponglogic.h(20): warning C4804: '-': unsafe use of type 'bool' in operation
e:\users\harris\documents\github\hw3ics167\scratch work\server\pongserver\pongserver\ponglogic.h(20): warning C4244: '+=': conversion from 'double' to 'int', possible loss of data
e:\users\harris\documents\github\hw3ics167\scratch work\server\pongserver\pongserver\ponglogic.h(31): warning C4804: '-': unsafe use of type 'bool' in operation
e:\users\harris\documents\github\hw3ics167\scratch work\server\pongserver\pongserver\ponglogic.h(31): warning C4244: '+=': conversion from 'double' to 'int', possible loss of data
e:\users\harris\documents\github\hw3ics167\scratch work\server\pongserver\pongserver\ponglogic.h(69): warning C4244: '+=': conversion from 'double' to 'int', possible loss of data
e:\users\harris\documents\github\hw3ics167\scratch work\server\pongserver\pongserver\ponglogic.h(70): warning C4244: '+=': conversion from 'double' to 'int', possible loss of data
e:\users\harris\documents\github\hw3ics167\scratch work\server\pongserver\pongserver\ponglogic.h(108): warning C4018: '<': signed/unsigned mismatch
e:\users\harris\documents\github\hw3ics167\scratch work\server\pongserver\pongserver\ponglogic.h(113): warning C4804: '-': unsafe use of type 'bool' in operation
e:\users\harris\documents\github\hw3ics167\scratch work\server\pongserver\pongserver\ponglogic.h(114): warning C4244: '+=': conversion from 'double' to 'int', possible loss of data
e:\users\harris\documents\github\hw3ics167\scratch work\server\pongserver\pongserver\ponglogic.h(118): warning C4804: '-': unsafe use of type 'bool' in operation
e:\users\harris\documents\github\hw3ics167\scratch work\server\pongserver\pongserver\ponglogic.h(119): warning C4244: '+=': conversion from 'double' to 'int', possible loss of data
e:\users\harris\documents\github\hw3ics167\scratch work\server\pongserver\pongserver\ponglogic.h(123): warning C4804: '-': unsafe use of type 'bool' in operation
e:\users\harris\documents\github\hw3ics167\scratch work\server\pongserver\pongserver\ponglogic.h(124): warning C4244: '+=': conversion from 'double' to 'int', possible loss of data
e:\users\harris\documents\github\hw3ics167\scratch work\server\pongserver\pongserver\ponglogic.h(128): warning C4804: '-': unsafe use of type 'bool' in operation
e:\users\harris\documents\github\hw3ics167\scratch work\server\pongserver\pongserver\ponglogic.h(129): warning C4244: '+=': conversion from 'double' to 'int', possible loss of data
e:\users\harris\documents\github\hw3ics167\scratch work\server\pongserver\pongserver\ponglogic.h(163): warning C4018: '<': signed/unsigned mismatch
e:\users\harris\documents\github\hw3ics167\scratch work\server\pongserver\pongserver\ponglogic.h(164): warning C4244: 'argument': conversion from 'int' to 'float', possible loss of data
e:\users\harris\documents\github\hw3ics167\scratch work\server\pongserver\pongserver\ponglogic.h(167): warning C4244: 'argument': conversion from 'int' to 'float', possible loss of data
e:\users\harris\documents\github\hw3ics167\scratch work\server\pongserver\pongserver\ponglogic.h(172): warning C4018: '<': signed/unsigned mismatch
e:\users\harris\documents\github\hw3ics167\scratch work\server\pongserver\pongserver\ponglogic.h(179): warning C4018: '<': signed/unsigned mismatch
e:\users\harris\documents\github\hw3ics167\scratch work\server\pongserver\pongserver\ponglogic.h(188): warning C4018: '<': signed/unsigned mismatch
e:\users\harris\documents\github\hw3ics167\scratch work\server\pongserver\pongserver\main.cpp(22): warning C4018: '<': signed/unsigned mismatch
e:\users\harris\documents\github\hw3ics167\scratch work\server\pongserver\pongserver\main.cpp(35): warning C4018: '<': signed/unsigned mismatch
e:\users\harris\documents\github\hw3ics167\scratch work\server\pongserver\pongserver\main.cpp(56): warning C4018: '<': signed/unsigned mismatch
e:\users\harris\documents\github\hw3ics167\scratch work\server\pongserver\pongserver\main.cpp(59): warning C4018: '<': signed/unsigned mismatch
e:\users\harris\documents\github\hw3ics167\scratch work\server\pongserver\pongserver\main.cpp(101): warning C4018: '<': signed/unsigned mismatch
  Generating Code...
  PongServer.vcxproj -> E:\Users\Harris\Documents\GitHub\HW3ICS167\Scratch Work\Server\PongServer\Debug\PongServer.exe
