  websocket.cpp
c:\users\zac c\documents\winter 18\ics 167\hw3\githubboo\hw3ics167\scratch work\finished assignment 3\server\pongserver\pongserver\ponglogic.h(15): warning C4804: '-': unsafe use of type 'bool' in operation
c:\users\zac c\documents\winter 18\ics 167\hw3\githubboo\hw3ics167\scratch work\finished assignment 3\server\pongserver\pongserver\ponglogic.h(79): warning C4018: '<': signed/unsigned mismatch
c:\users\zac c\documents\winter 18\ics 167\hw3\githubboo\hw3ics167\scratch work\finished assignment 3\server\pongserver\pongserver\ponglogic.h(82): warning C4804: '-': unsafe use of type 'bool' in operation
c:\users\zac c\documents\winter 18\ics 167\hw3\githubboo\hw3ics167\scratch work\finished assignment 3\server\pongserver\pongserver\ponglogic.h(111): warning C4018: '<': signed/unsigned mismatch
c:\users\zac c\documents\winter 18\ics 167\hw3\githubboo\hw3ics167\scratch work\finished assignment 3\server\pongserver\pongserver\ponglogic.h(120): warning C4018: '<': signed/unsigned mismatch
c:\users\zac c\documents\winter 18\ics 167\hw3\githubboo\hw3ics167\scratch work\finished assignment 3\server\pongserver\pongserver\ponglogic.h(127): warning C4018: '<': signed/unsigned mismatch
c:\users\zac c\documents\winter 18\ics 167\hw3\githubboo\hw3ics167\scratch work\finished assignment 3\server\pongserver\pongserver\ponglogic.h(136): warning C4018: '<': signed/unsigned mismatch
c:\users\zac c\documents\winter 18\ics 167\hw3\githubboo\hw3ics167\scratch work\finished assignment 3\server\pongserver\pongserver\websocket.cpp(90): warning C4477: 'printf' : format string '%s' requires an argument of type 'char *', but variadic argument 1 has type 'LPVOID'
c:\users\zac c\documents\winter 18\ics 167\hw3\githubboo\hw3ics167\scratch work\finished assignment 3\server\pongserver\pongserver\websocket.cpp(116): warning C4018: '<': signed/unsigned mismatch
c:\users\zac c\documents\winter 18\ics 167\hw3\githubboo\hw3ics167\scratch work\finished assignment 3\server\pongserver\pongserver\websocket.cpp(138): warning C4018: '<': signed/unsigned mismatch
c:\users\zac c\documents\winter 18\ics 167\hw3\githubboo\hw3ics167\scratch work\finished assignment 3\server\pongserver\pongserver\websocket.cpp(160): warning C4018: '>=': signed/unsigned mismatch
c:\users\zac c\documents\winter 18\ics 167\hw3\githubboo\hw3ics167\scratch work\finished assignment 3\server\pongserver\pongserver\websocket.cpp(173): warning C4244: 'initializing': conversion from 'float' to 'int', possible loss of data
c:\users\zac c\documents\winter 18\ics 167\hw3\githubboo\hw3ics167\scratch work\finished assignment 3\server\pongserver\pongserver\websocket.cpp(197): warning C4267: '=': conversion from 'size_t' to 'char', possible loss of data
c:\users\zac c\documents\winter 18\ics 167\hw3\githubboo\hw3ics167\scratch work\finished assignment 3\server\pongserver\pongserver\websocket.cpp(206): warning C4267: '=': conversion from 'size_t' to 'char', possible loss of data
c:\users\zac c\documents\winter 18\ics 167\hw3\githubboo\hw3ics167\scratch work\finished assignment 3\server\pongserver\pongserver\websocket.cpp(207): warning C4267: '=': conversion from 'size_t' to 'char', possible loss of data
c:\users\zac c\documents\winter 18\ics 167\hw3\githubboo\hw3ics167\scratch work\finished assignment 3\server\pongserver\pongserver\websocket.cpp(221): warning C4267: '=': conversion from 'size_t' to 'char', possible loss of data
c:\users\zac c\documents\winter 18\ics 167\hw3\githubboo\hw3ics167\scratch work\finished assignment 3\server\pongserver\pongserver\websocket.cpp(222): warning C4267: '=': conversion from 'size_t' to 'char', possible loss of data
c:\users\zac c\documents\winter 18\ics 167\hw3\githubboo\hw3ics167\scratch work\finished assignment 3\server\pongserver\pongserver\websocket.cpp(223): warning C4267: '=': conversion from 'size_t' to 'char', possible loss of data
c:\users\zac c\documents\winter 18\ics 167\hw3\githubboo\hw3ics167\scratch work\finished assignment 3\server\pongserver\pongserver\websocket.cpp(415): warning C4018: '<': signed/unsigned mismatch
c:\users\zac c\documents\winter 18\ics 167\hw3\githubboo\hw3ics167\scratch work\finished assignment 3\server\pongserver\pongserver\websocket.cpp(614): warning C4018: '>=': signed/unsigned mismatch
c:\users\zac c\documents\winter 18\ics 167\hw3\githubboo\hw3ics167\scratch work\finished assignment 3\server\pongserver\pongserver\websocket.cpp(641): warning C4018: '<': signed/unsigned mismatch
c:\users\zac c\documents\winter 18\ics 167\hw3\githubboo\hw3ics167\scratch work\finished assignment 3\server\pongserver\pongserver\websocket.cpp(655): warning C4018: '>=': signed/unsigned mismatch
c:\users\zac c\documents\winter 18\ics 167\hw3\githubboo\hw3ics167\scratch work\finished assignment 3\server\pongserver\pongserver\websocket.cpp(739): warning C4473: 'printf' : not enough arguments passed for format string
  c:\users\zac c\documents\winter 18\ics 167\hw3\githubboo\hw3ics167\scratch work\finished assignment 3\server\pongserver\pongserver\websocket.cpp(739): note: placeholders and their parameters expect 2 variadic arguments, but 1 were provided
  c:\users\zac c\documents\winter 18\ics 167\hw3\githubboo\hw3ics167\scratch work\finished assignment 3\server\pongserver\pongserver\websocket.cpp(739): note: the missing variadic argument 2 is required by format string '%d'
c:\users\zac c\documents\winter 18\ics 167\hw3\githubboo\hw3ics167\scratch work\finished assignment 3\server\pongserver\pongserver\websocket.cpp(773): warning C4018: '<': signed/unsigned mismatch
  sha1.cpp
c:\users\zac c\documents\winter 18\ics 167\hw3\githubboo\hw3ics167\scratch work\finished assignment 3\server\pongserver\pongserver\sha1.cpp(226): warning C4267: '+=': conversion from 'size_t' to 'unsigned char', possible loss of data
c:\users\zac c\documents\winter 18\ics 167\hw3\githubboo\hw3ics167\scratch work\finished assignment 3\server\pongserver\pongserver\sha1.cpp(233): warning C4267: '+=': conversion from 'size_t' to 'unsigned char', possible loss of data
c:\users\zac c\documents\winter 18\ics 167\hw3\githubboo\hw3ics167\scratch work\finished assignment 3\server\pongserver\pongserver\sha1.cpp(264): warning C4267: '+=': conversion from 'size_t' to 'unsigned char', possible loss of data
  main.cpp
c:\users\zac c\documents\winter 18\ics 167\hw3\githubboo\hw3ics167\scratch work\finished assignment 3\server\pongserver\pongserver\ponglogic.h(15): warning C4804: '-': unsafe use of type 'bool' in operation
c:\users\zac c\documents\winter 18\ics 167\hw3\githubboo\hw3ics167\scratch work\finished assignment 3\server\pongserver\pongserver\ponglogic.h(79): warning C4018: '<': signed/unsigned mismatch
c:\users\zac c\documents\winter 18\ics 167\hw3\githubboo\hw3ics167\scratch work\finished assignment 3\server\pongserver\pongserver\ponglogic.h(82): warning C4804: '-': unsafe use of type 'bool' in operation
c:\users\zac c\documents\winter 18\ics 167\hw3\githubboo\hw3ics167\scratch work\finished assignment 3\server\pongserver\pongserver\ponglogic.h(111): warning C4018: '<': signed/unsigned mismatch
c:\users\zac c\documents\winter 18\ics 167\hw3\githubboo\hw3ics167\scratch work\finished assignment 3\server\pongserver\pongserver\ponglogic.h(120): warning C4018: '<': signed/unsigned mismatch
c:\users\zac c\documents\winter 18\ics 167\hw3\githubboo\hw3ics167\scratch work\finished assignment 3\server\pongserver\pongserver\ponglogic.h(127): warning C4018: '<': signed/unsigned mismatch
c:\users\zac c\documents\winter 18\ics 167\hw3\githubboo\hw3ics167\scratch work\finished assignment 3\server\pongserver\pongserver\ponglogic.h(136): warning C4018: '<': signed/unsigned mismatch
c:\users\zac c\documents\winter 18\ics 167\hw3\githubboo\hw3ics167\scratch work\finished assignment 3\server\pongserver\pongserver\main.cpp(22): warning C4018: '<': signed/unsigned mismatch
c:\users\zac c\documents\winter 18\ics 167\hw3\githubboo\hw3ics167\scratch work\finished assignment 3\server\pongserver\pongserver\main.cpp(35): warning C4018: '<': signed/unsigned mismatch
c:\users\zac c\documents\winter 18\ics 167\hw3\githubboo\hw3ics167\scratch work\finished assignment 3\server\pongserver\pongserver\main.cpp(93): warning C4018: '<': signed/unsigned mismatch
  base64.cpp
c:\users\zac c\documents\winter 18\ics 167\hw3\githubboo\hw3ics167\scratch work\finished assignment 3\server\pongserver\pongserver\base64.cpp(96): warning C4267: '=': conversion from 'size_t' to 'unsigned char', possible loss of data
c:\users\zac c\documents\winter 18\ics 167\hw3\githubboo\hw3ics167\scratch work\finished assignment 3\server\pongserver\pongserver\base64.cpp(113): warning C4267: '=': conversion from 'size_t' to 'unsigned char', possible loss of data
  Generating Code...
  PongServer.vcxproj -> C:\Users\Zac C\Documents\Winter 18\ICS 167\HW3\GitHubBoo\HW3ICS167\Scratch Work\FINISHED ASSIGNMENT 3\server\PongServer\Debug\PongServer.exe
